<?xml version="1.0" encoding="UTF-8"?>
<!-- Generated by org.testng.reporters.JUnitReportReporter -->
<testsuite hostname="DESKTOP-VMTOFAV" failures="0" tests="7" name="TestNG.TestNGKeyword" time="2.063" errors="0" timestamp="2022-03-29T05:05:53 GMT-07:00" skipped="0">
  <testcase classname="TestNG.TestNGKeyword" name="myMethod" time="0.005"/>
  <system-out>
    <![CDATA[This is my Method]]>
  </system-out>
  <testcase classname="TestNG.TestNGKeyword" name="myMethod" time="0.005"/>
  <system-out>
    <![CDATA[This is my Method]]>
  </system-out>
  <testcase classname="TestNG.TestNGKeyword" name="d" time="0.014"/>
  <system-out>
    <![CDATA[Running method D ]]>
  </system-out>
  <testcase classname="TestNG.TestNGKeyword" name="myMethod" time="0.006"/>
  <system-out>
    <![CDATA[This is my Method]]>
  </system-out>
  <testcase classname="TestNG.TestNGKeyword" name="a" time="2.019"/>
  <system-out>
    <![CDATA[Running method A ]]>
  </system-out>
  <testcase classname="TestNG.TestNGKeyword" name="b" time="0.002"/>
  <system-out>
    <![CDATA[Running method B ]]>
  </system-out>
  <testcase classname="TestNG.TestNGKeyword" name="c" time="0.012"/>
  <system-out>
    <![CDATA[Running method C ]]>
  </system-out>
</testsuite> <!-- TestNG.TestNGKeyword -->
