<?xml version="1.0" encoding="UTF-8"?>
<!-- Generated by org.testng.reporters.JUnitReportReporter -->
<testsuite hostname="DESKTOP-VMTOFAV" failures="0" tests="1" name="TestNG.TestNGAnnotation" time="0.012" errors="0" timestamp="2022-04-01T02:45:35 GMT-07:00" skipped="0">
  <testcase classname="TestNG.TestNGAnnotation" name="TC1" time="0.012"/>
  <system-out>
    <![CDATA[Tast Case 1 is pass]]>
  </system-out>
</testsuite> <!-- TestNG.TestNGAnnotation -->
