<?xml version="1.0" encoding="UTF-8"?>
<!-- Generated by org.testng.reporters.JUnitReportReporter -->
<testsuite hostname="DESKTOP-VMTOFAV" failures="0" tests="5" name="TestNG.PriorityKeyword" time="0.037" errors="0" timestamp="2022-03-29T04:58:55 GMT-07:00" skipped="0">
  <testcase classname="TestNG.PriorityKeyword" name="d" time="0.017"/>
  <system-out>
    <![CDATA[Running method D ]]>
  </system-out>
  <testcase classname="TestNG.PriorityKeyword" name="c" time="0.002"/>
  <system-out>
    <![CDATA[Running method C ]]>
  </system-out>
  <testcase classname="TestNG.PriorityKeyword" name="a" time="0.004"/>
  <system-out>
    <![CDATA[Running method A ]]>
  </system-out>
  <testcase classname="TestNG.PriorityKeyword" name="b" time="0.006"/>
  <system-out>
    <![CDATA[Running method B ]]>
  </system-out>
  <testcase classname="TestNG.PriorityKeyword" name="b" time="0.008"/>
  <system-out>
    <![CDATA[Running method B ]]>
  </system-out>
</testsuite> <!-- TestNG.PriorityKeyword -->
