<?xml version="1.0" encoding="UTF-8"?>
<!-- Generated by org.testng.reporters.JUnitReportReporter -->
<testsuite hostname="DESKTOP-VMTOFAV" failures="0" tests="1" name="KiteAppTestClasses.KiteUserNameValidation" time="20.979" errors="0" timestamp="2022-04-01T02:09:30 GMT-07:00" skipped="0">
  <testcase classname="KiteAppTestClasses.KiteUserNameValidation" name="validatingUserName" time="20.979"/>
  <system-out>
    <![CDATA[screenshot taken for TC100
validatingUserName]]>
  </system-out>
</testsuite> <!-- KiteAppTestClasses.KiteUserNameValidation -->
