<?xml version="1.0" encoding="UTF-8"?>
<!-- Generated by org.testng.reporters.JUnitReportReporter -->
<testsuite hostname="DESKTOP-VMTOFAV" failures="0" tests="2" name="TestNG.IncludeExcludeTest" time="0.024" errors="0" timestamp="2022-03-29T05:14:04 GMT-07:00" skipped="0">
  <testcase classname="TestNG.IncludeExcludeTest" name="a" time="0.020"/>
  <system-out>
    <![CDATA[Running method A ]]>
  </system-out>
  <testcase classname="TestNG.IncludeExcludeTest" name="c" time="0.004"/>
  <system-out>
    <![CDATA[Running method C ]]>
  </system-out>
</testsuite> <!-- TestNG.IncludeExcludeTest -->
